# JRE version: Java(TM) SE Runtime Environment (7.0_51-b13) (build 1.7.0_51-b13)
# Java VM: Java HotSpot(TM) 64-Bit Server VM (24.51-b03 mixed mode windows-amd64 compressed oops)
Heap
 PSYoungGen      total 464384K, used 62375K [0x00000007d5800000, 0x0000000800000000, 0x0000000800000000)
  eden space 232448K, 0% used [0x00000007d5800000,0x00000007d5800000,0x00000007e3b00000)
  from space 231936K, 26% used [0x00000007f1d80000,0x00000007f5a69e78,0x0000000800000000)
  to   space 231936K, 0% used [0x00000007e3b00000,0x00000007e3b00000,0x00000007f1d80000)
 ParOldGen       total 1304576K, used 1142201K [0x0000000780800000, 0x00000007d0200000, 0x00000007d5800000)
  object space 1304576K, 87% used [0x0000000780800000,0x00000007c636e6c8,0x00000007d0200000)
 PSPermGen       total 21504K, used 8533K [0x000000077b600000, 0x000000077cb00000, 0x0000000780800000)
  object space 21504K, 39% used [0x000000077b600000,0x000000077be55720,0x000000077cb00000)
GC Heap History (10 events):
Event: 15.928 GC heap after
Heap after GC invocations=23 (full 5):
 PSYoungGen      total 453120K, used 21085K [0x00000007d5800000, 0x0000000800000000, 0x0000000800000000)
  eden space 232448K, 0% used [0x00000007d5800000,0x00000007d5800000,0x00000007e3b00000)
  from space 220672K, 9% used [0x00000007f2880000,0x00000007f3d175a8,0x0000000800000000)
  to   space 231936K, 0% used [0x00000007e3b00000,0x00000007e3b00000,0x00000007f1d80000)
 ParOldGen       total 1304576K, used 928019K [0x0000000780800000, 0x00000007d0200000, 0x00000007d5800000)
  object space 1304576K, 71% used [0x0000000780800000,0x00000007b9244ff8,0x00000007d0200000)
 PSPermGen       total 21504K, used 8533K [0x000000077b600000, 0x000000077cb00000, 0x0000000780800000)
  object space 21504K, 39% used [0x000000077b600000,0x000000077be55720,0x000000077cb00000)
}
Event: 16.109 GC heap before
{Heap before GC invocations=24 (full 5):
 PSYoungGen      total 453120K, used 162837K [0x00000007d5800000, 0x0000000800000000, 0x0000000800000000)
  eden space 232448K, 60% used [0x00000007d5800000,0x00000007de26dfa8,0x00000007e3b00000)
  from space 220672K, 9% used [0x00000007f2880000,0x00000007f3d175a8,0x0000000800000000)
  to   space 231936K, 0% used [0x00000007e3b00000,0x00000007e3b00000,0x00000007f1d80000)
 ParOldGen       total 1304576K, used 928019K [0x0000000780800000, 0x00000007d0200000, 0x00000007d5800000)
  object space 1304576K, 71% used [0x0000000780800000,0x00000007b9244ff8,0x00000007d0200000)
 PSPermGen       total 21504K, used 8533K [0x000000077b600000, 0x000000077cb00000, 0x0000000780800000)
  object space 21504K, 39% used [0x000000077b600000,0x000000077be55720,0x000000077cb00000)
Event: 16.268 GC heap after
Heap after GC invocations=24 (full 5):
 PSYoungGen      total 464384K, used 138891K [0x00000007d5800000, 0x0000000800000000, 0x0000000800000000)
  eden space 232448K, 0% used [0x00000007d5800000,0x00000007d5800000,0x00000007e3b00000)
  from space 231936K, 59% used [0x00000007e3b00000,0x00000007ec2a2e18,0x00000007f1d80000)
  to   space 231936K, 0% used [0x00000007f1d80000,0x00000007f1d80000,0x0000000800000000)
 ParOldGen       total 1304576K, used 949294K [0x0000000780800000, 0x00000007d0200000, 0x00000007d5800000)
  object space 1304576K, 72% used [0x0000000780800000,0x00000007ba70b808,0x00000007d0200000)
 PSPermGen       total 21504K, used 8533K [0x000000077b600000, 0x000000077cb00000, 0x0000000780800000)
  object space 21504K, 39% used [0x000000077b600000,0x000000077be55720,0x000000077cb00000)
}
Event: 16.453 GC heap before
{Heap before GC invocations=25 (full 5):
 PSYoungGen      total 464384K, used 371339K [0x00000007d5800000, 0x0000000800000000, 0x0000000800000000)
  eden space 232448K, 100% used [0x00000007d5800000,0x00000007e3b00000,0x00000007e3b00000)
  from space 231936K, 59% used [0x00000007e3b00000,0x00000007ec2a2e18,0x00000007f1d80000)
  to   space 231936K, 0% used [0x00000007f1d80000,0x00000007f1d80000,0x0000000800000000)
 ParOldGen       total 1304576K, used 949294K [0x0000000780800000, 0x00000007d0200000, 0x00000007d5800000)
  object space 1304576K, 72% used [0x0000000780800000,0x00000007ba70b808,0x00000007d0200000)
 PSPermGen       total 21504K, used 8533K [0x000000077b600000, 0x000000077cb00000, 0x0000000780800000)
  object space 21504K, 39% used [0x000000077b600000,0x000000077be55720,0x000000077cb00000)
Event: 16.539 GC heap after
Heap after GC invocations=25 (full 5):
 PSYoungGen      total 464384K, used 129927K [0x00000007d5800000, 0x0000000800000000, 0x0000000800000000)
  eden space 232448K, 0% used [0x00000007d5800000,0x00000007d5800000,0x00000007e3b00000)
  from space 231936K, 56% used [0x00000007f1d80000,0x00000007f9c61fa0,0x0000000800000000)
  to   space 231936K, 0% used [0x00000007e3b00000,0x00000007e3b00000,0x00000007f1d80000)
 ParOldGen       total 1304576K, used 949302K [0x0000000780800000, 0x00000007d0200000, 0x00000007d5800000)
  object space 1304576K, 72% used [0x0000000780800000,0x00000007ba70d808,0x00000007d0200000)
 PSPermGen       total 21504K, used 8533K [0x000000077b600000, 0x000000077cb00000, 0x0000000780800000)
  object space 21504K, 39% used [0x000000077b600000,0x000000077be55720,0x000000077cb00000)
}
Event: 16.790 GC heap before
{Heap before GC invocations=26 (full 5):
 PSYoungGen      total 464384K, used 362375K [0x00000007d5800000, 0x0000000800000000, 0x0000000800000000)
  eden space 232448K, 100% used [0x00000007d5800000,0x00000007e3b00000,0x00000007e3b00000)
  from space 231936K, 56% used [0x00000007f1d80000,0x00000007f9c61fa0,0x0000000800000000)
  to   space 231936K, 0% used [0x00000007e3b00000,0x00000007e3b00000,0x00000007f1d80000)
 ParOldGen       total 1304576K, used 949302K [0x0000000780800000, 0x00000007d0200000, 0x00000007d5800000)
  object space 1304576K, 72% used [0x0000000780800000,0x00000007ba70d808,0x00000007d0200000)
 PSPermGen       total 21504K, used 8533K [0x000000077b600000, 0x000000077cb00000, 0x0000000780800000)
  object space 21504K, 39% used [0x000000077b600000,0x000000077be55720,0x000000077cb00000)
Event: 16.954 GC heap after
Heap after GC invocations=26 (full 5):
 PSYoungGen      total 464384K, used 62656K [0x00000007d5800000, 0x0000000800000000, 0x0000000800000000)
  eden space 232448K, 0% used [0x00000007d5800000,0x00000007d5800000,0x00000007e3b00000)
  from space 231936K, 27% used [0x00000007e3b00000,0x00000007e7830000,0x00000007f1d80000)
  to   space 231936K, 0% used [0x00000007f1d80000,0x00000007f1d80000,0x0000000800000000)
 ParOldGen       total 1304576K, used 1079310K [0x0000000780800000, 0x00000007d0200000, 0x00000007d5800000)
  object space 1304576K, 82% used [0x0000000780800000,0x00000007c2603b48,0x00000007d0200000)
 PSPermGen       total 21504K, used 8533K [0x000000077b600000, 0x000000077cb00000, 0x0000000780800000)
  object space 21504K, 39% used [0x000000077b600000,0x000000077be55720,0x000000077cb00000)
}
Event: 17.202 GC heap before
{Heap before GC invocations=27 (full 5):
 PSYoungGen      total 464384K, used 295104K [0x00000007d5800000, 0x0000000800000000, 0x0000000800000000)
  eden space 232448K, 100% used [0x00000007d5800000,0x00000007e3b00000,0x00000007e3b00000)
  from space 231936K, 27% used [0x00000007e3b00000,0x00000007e7830000,0x00000007f1d80000)
  to   space 231936K, 0% used [0x00000007f1d80000,0x00000007f1d80000,0x0000000800000000)
 ParOldGen       total 1304576K, used 1079310K [0x0000000780800000, 0x00000007d0200000, 0x00000007d5800000)
  object space 1304576K, 82% used [0x0000000780800000,0x00000007c2603b48,0x00000007d0200000)
 PSPermGen       total 21504K, used 8533K [0x000000077b600000, 0x000000077cb00000, 0x0000000780800000)
  object space 21504K, 39% used [0x000000077b600000,0x000000077be55720,0x000000077cb00000)
Event: 17.389 GC heap after
Heap after GC invocations=27 (full 5):
 PSYoungGen      total 464384K, used 62375K [0x00000007d5800000, 0x0000000800000000, 0x0000000800000000)
  eden space 232448K, 0% used [0x00000007d5800000,0x00000007d5800000,0x00000007e3b00000)
  from space 231936K, 26% used [0x00000007f1d80000,0x00000007f5a69e78,0x0000000800000000)
  to   space 231936K, 0% used [0x00000007e3b00000,0x00000007e3b00000,0x00000007f1d80000)
 ParOldGen       total 1304576K, used 1142201K [0x0000000780800000, 0x00000007d0200000, 0x00000007d5800000)
  object space 1304576K, 87% used [0x0000000780800000,0x00000007c636e6c8,0x00000007d0200000)
 PSPermGen       total 21504K, used 8533K [0x000000077b600000, 0x000000077cb00000, 0x0000000780800000)
  object space 21504K, 39% used [0x000000077b600000,0x000000077be55720,0x000000077cb00000)
}
Event: 17.389 GC heap before
{Heap before GC invocations=28 (full 6):
 PSYoungGen      total 464384K, used 62375K [0x00000007d5800000, 0x0000000800000000, 0x0000000800000000)
  eden space 232448K, 0% used [0x00000007d5800000,0x00000007d5800000,0x00000007e3b00000)
  from space 231936K, 26% used [0x00000007f1d80000,0x00000007f5a69e78,0x0000000800000000)
  to   space 231936K, 0% used [0x00000007e3b00000,0x00000007e3b00000,0x00000007f1d80000)
 ParOldGen       total 1304576K, used 1142201K [0x0000000780800000, 0x00000007d0200000, 0x00000007d5800000)
  object space 1304576K, 87% used [0x0000000780800000,0x00000007c636e6c8,0x00000007d0200000)
 PSPermGen       total 21504K, used 8533K [0x000000077b600000, 0x000000077cb00000, 0x0000000780800000)
  object space 21504K, 39% used [0x000000077b600000,0x000000077be55720,0x000000077cb00000)

