# JRE version: Java(TM) SE Runtime Environment (7.0_51-b13) (build 1.7.0_51-b13)
# Java VM: Java HotSpot(TM) 64-Bit Server VM (24.51-b03 mixed mode windows-amd64 compressed oops)
Heap
 PSYoungGen      total 472064K, used 66976K [0x00000007d5800000, 0x0000000800000000, 0x0000000800000000)
  eden space 252416K, 0% used [0x00000007d5800000,0x00000007d5800000,0x00000007e4e80000)
  from space 219648K, 30% used [0x00000007f2280000,0x00000007f63e8000,0x00000007ff900000)
  to   space 217088K, 0% used [0x00000007e4e80000,0x00000007e4e80000,0x00000007f2280000)
 ParOldGen       total 1392640K, used 1269741K [0x0000000780800000, 0x00000007d5800000, 0x00000007d5800000)
  object space 1392640K, 91% used [0x0000000780800000,0x00000007cdffb778,0x00000007d5800000)
 PSPermGen       total 21504K, used 8813K [0x000000077b600000, 0x000000077cb00000, 0x0000000780800000)
  object space 21504K, 40% used [0x000000077b600000,0x000000077be9b6b0,0x000000077cb00000)
GC Heap History (10 events):
Event: 73.404 GC heap after
Heap after GC invocations=140 (full 16):
 PSYoungGen      total 467456K, used 165279K [0x00000007d5800000, 0x0000000800000000, 0x0000000800000000)
  eden space 271360K, 0% used [0x00000007d5800000,0x00000007d5800000,0x00000007e6100000)
  from space 196096K, 84% used [0x00000007f3300000,0x00000007fd467d60,0x00000007ff280000)
  to   space 212480K, 0% used [0x00000007e6100000,0x00000007e6100000,0x00000007f3080000)
 ParOldGen       total 1392640K, used 995201K [0x0000000780800000, 0x00000007d5800000, 0x00000007d5800000)
  object space 1392640K, 71% used [0x0000000780800000,0x00000007bd3e0500,0x00000007d5800000)
 PSPermGen       total 21504K, used 8813K [0x000000077b600000, 0x000000077cb00000, 0x0000000780800000)
  object space 21504K, 40% used [0x000000077b600000,0x000000077be9b6b0,0x000000077cb00000)
}
Event: 73.638 GC heap before
{Heap before GC invocations=141 (full 16):
 PSYoungGen      total 467456K, used 383815K [0x00000007d5800000, 0x0000000800000000, 0x0000000800000000)
  eden space 271360K, 80% used [0x00000007d5800000,0x00000007e2d6a058,0x00000007e6100000)
  from space 196096K, 84% used [0x00000007f3300000,0x00000007fd467d60,0x00000007ff280000)
  to   space 212480K, 0% used [0x00000007e6100000,0x00000007e6100000,0x00000007f3080000)
 ParOldGen       total 1392640K, used 995201K [0x0000000780800000, 0x00000007d5800000, 0x00000007d5800000)
  object space 1392640K, 71% used [0x0000000780800000,0x00000007bd3e0500,0x00000007d5800000)
 PSPermGen       total 21504K, used 8813K [0x000000077b600000, 0x000000077cb00000, 0x0000000780800000)
  object space 21504K, 40% used [0x000000077b600000,0x000000077be9b6b0,0x000000077cb00000)
Event: 73.801 GC heap after
Heap after GC invocations=141 (full 16):
 PSYoungGen      total 434176K, used 162695K [0x00000007d5800000, 0x0000000800000000, 0x0000000800000000)
  eden space 271360K, 0% used [0x00000007d5800000,0x00000007d5800000,0x00000007e6100000)
  from space 162816K, 99% used [0x00000007e6100000,0x00000007effe1c18,0x00000007f0000000)
  to   space 223744K, 0% used [0x00000007f2580000,0x00000007f2580000,0x0000000800000000)
 ParOldGen       total 1392640K, used 1018783K [0x0000000780800000, 0x00000007d5800000, 0x00000007d5800000)
  object space 1392640K, 73% used [0x0000000780800000,0x00000007beae7df0,0x00000007d5800000)
 PSPermGen       total 21504K, used 8813K [0x000000077b600000, 0x000000077cb00000, 0x0000000780800000)
  object space 21504K, 40% used [0x000000077b600000,0x000000077be9b6b0,0x000000077cb00000)
}
Event: 74.003 GC heap before
{Heap before GC invocations=142 (full 16):
 PSYoungGen      total 434176K, used 392027K [0x00000007d5800000, 0x0000000800000000, 0x0000000800000000)
  eden space 271360K, 84% used [0x00000007d5800000,0x00000007e37f5158,0x00000007e6100000)
  from space 162816K, 99% used [0x00000007e6100000,0x00000007effe1c18,0x00000007f0000000)
  to   space 223744K, 0% used [0x00000007f2580000,0x00000007f2580000,0x0000000800000000)
 ParOldGen       total 1392640K, used 1018783K [0x0000000780800000, 0x00000007d5800000, 0x00000007d5800000)
  object space 1392640K, 73% used [0x0000000780800000,0x00000007beae7df0,0x00000007d5800000)
 PSPermGen       total 21504K, used 8813K [0x000000077b600000, 0x000000077cb00000, 0x0000000780800000)
  object space 21504K, 40% used [0x000000077b600000,0x000000077be9b6b0,0x000000077cb00000)
Event: 74.226 GC heap after
Heap after GC invocations=142 (full 16):
 PSYoungGen      total 473600K, used 135153K [0x00000007d5800000, 0x0000000800000000, 0x0000000800000000)
  eden space 249856K, 0% used [0x00000007d5800000,0x00000007d5800000,0x00000007e4c00000)
  from space 223744K, 60% used [0x00000007f2580000,0x00000007fa97c480,0x0000000800000000)
  to   space 222720K, 0% used [0x00000007e4c00000,0x00000007e4c00000,0x00000007f2580000)
 ParOldGen       total 1392640K, used 1136910K [0x0000000780800000, 0x00000007d5800000, 0x00000007d5800000)
  object space 1392640K, 81% used [0x0000000780800000,0x00000007c5e439c0,0x00000007d5800000)
 PSPermGen       total 21504K, used 8813K [0x000000077b600000, 0x000000077cb00000, 0x0000000780800000)
  object space 21504K, 40% used [0x000000077b600000,0x000000077be9b6b0,0x000000077cb00000)
}
Event: 74.427 GC heap before
{Heap before GC invocations=143 (full 16):
 PSYoungGen      total 473600K, used 385009K [0x00000007d5800000, 0x0000000800000000, 0x0000000800000000)
  eden space 249856K, 100% used [0x00000007d5800000,0x00000007e4c00000,0x00000007e4c00000)
  from space 223744K, 60% used [0x00000007f2580000,0x00000007fa97c480,0x0000000800000000)
  to   space 222720K, 0% used [0x00000007e4c00000,0x00000007e4c00000,0x00000007f2580000)
 ParOldGen       total 1392640K, used 1136910K [0x0000000780800000, 0x00000007d5800000, 0x00000007d5800000)
  object space 1392640K, 81% used [0x0000000780800000,0x00000007c5e439c0,0x00000007d5800000)
 PSPermGen       total 21504K, used 8813K [0x000000077b600000, 0x000000077cb00000, 0x0000000780800000)
  object space 21504K, 40% used [0x000000077b600000,0x000000077be9b6b0,0x000000077cb00000)
Event: 74.497 GC heap after
Heap after GC invocations=143 (full 16):
 PSYoungGen      total 382976K, used 132767K [0x00000007d5800000, 0x00000007ff900000, 0x0000000800000000)
  eden space 249856K, 0% used [0x00000007d5800000,0x00000007d5800000,0x00000007e4c00000)
  from space 133120K, 99% used [0x00000007e4c00000,0x00000007ecda7c68,0x00000007ece00000)
  to   space 219648K, 0% used [0x00000007f2280000,0x00000007f2280000,0x00000007ff900000)
 ParOldGen       total 1392640K, used 1136918K [0x0000000780800000, 0x00000007d5800000, 0x00000007d5800000)
  object space 1392640K, 81% used [0x0000000780800000,0x00000007c5e459c0,0x00000007d5800000)
 PSPermGen       total 21504K, used 8813K [0x000000077b600000, 0x000000077cb00000, 0x0000000780800000)
  object space 21504K, 40% used [0x000000077b600000,0x000000077be9b6b0,0x000000077cb00000)
}
Event: 74.775 GC heap before
{Heap before GC invocations=144 (full 16):
 PSYoungGen      total 382976K, used 382623K [0x00000007d5800000, 0x00000007ff900000, 0x0000000800000000)
  eden space 249856K, 100% used [0x00000007d5800000,0x00000007e4c00000,0x00000007e4c00000)
  from space 133120K, 99% used [0x00000007e4c00000,0x00000007ecda7c68,0x00000007ece00000)
  to   space 219648K, 0% used [0x00000007f2280000,0x00000007f2280000,0x00000007ff900000)
 ParOldGen       total 1392640K, used 1136918K [0x0000000780800000, 0x00000007d5800000, 0x00000007d5800000)
  object space 1392640K, 81% used [0x0000000780800000,0x00000007c5e459c0,0x00000007d5800000)
 PSPermGen       total 21504K, used 8813K [0x000000077b600000, 0x000000077cb00000, 0x0000000780800000)
  object space 21504K, 40% used [0x000000077b600000,0x000000077be9b6b0,0x000000077cb00000)
Event: 74.951 GC heap after
Heap after GC invocations=144 (full 16):
 PSYoungGen      total 472064K, used 66976K [0x00000007d5800000, 0x0000000800000000, 0x0000000800000000)
  eden space 252416K, 0% used [0x00000007d5800000,0x00000007d5800000,0x00000007e4e80000)
  from space 219648K, 30% used [0x00000007f2280000,0x00000007f63e8000,0x00000007ff900000)
  to   space 217088K, 0% used [0x00000007e4e80000,0x00000007e4e80000,0x00000007f2280000)
 ParOldGen       total 1392640K, used 1269741K [0x0000000780800000, 0x00000007d5800000, 0x00000007d5800000)
  object space 1392640K, 91% used [0x0000000780800000,0x00000007cdffb778,0x00000007d5800000)
 PSPermGen       total 21504K, used 8813K [0x000000077b600000, 0x000000077cb00000, 0x0000000780800000)
  object space 21504K, 40% used [0x000000077b600000,0x000000077be9b6b0,0x000000077cb00000)
}
Event: 74.951 GC heap before
{Heap before GC invocations=145 (full 17):
 PSYoungGen      total 472064K, used 66976K [0x00000007d5800000, 0x0000000800000000, 0x0000000800000000)
  eden space 252416K, 0% used [0x00000007d5800000,0x00000007d5800000,0x00000007e4e80000)
  from space 219648K, 30% used [0x00000007f2280000,0x00000007f63e8000,0x00000007ff900000)
  to   space 217088K, 0% used [0x00000007e4e80000,0x00000007e4e80000,0x00000007f2280000)
 ParOldGen       total 1392640K, used 1269741K [0x0000000780800000, 0x00000007d5800000, 0x00000007d5800000)
  object space 1392640K, 91% used [0x0000000780800000,0x00000007cdffb778,0x00000007d5800000)
 PSPermGen       total 21504K, used 8813K [0x000000077b600000, 0x000000077cb00000, 0x0000000780800000)
  object space 21504K, 40% used [0x000000077b600000,0x000000077be9b6b0,0x000000077cb00000)

