# JRE version: Java(TM) SE Runtime Environment (7.0_51-b13) (build 1.7.0_51-b13)
# Java VM: Java HotSpot(TM) 64-Bit Server VM (24.51-b03 mixed mode windows-amd64 compressed oops)
Heap
 PSYoungGen      total 459264K, used 138891K [0x00000007d5800000, 0x0000000800000000, 0x0000000800000000)
  eden space 232448K, 0% used [0x00000007d5800000,0x00000007d5800000,0x00000007e3b00000)
  from space 226816K, 61% used [0x00000007f2280000,0x00000007faa22e18,0x0000000800000000)
  to   space 231936K, 0% used [0x00000007e3b00000,0x00000007e3b00000,0x00000007f1d80000)
 ParOldGen       total 873472K, used 857835K [0x0000000780800000, 0x00000007b5d00000, 0x00000007d5800000)
  object space 873472K, 98% used [0x0000000780800000,0x00000007b4dbac48,0x00000007b5d00000)
 PSPermGen       total 21504K, used 8537K [0x000000077b600000, 0x000000077cb00000, 0x0000000780800000)
  object space 21504K, 39% used [0x000000077b600000,0x000000077be56698,0x000000077cb00000)
GC Heap History (10 events):
Event: 10.272 GC heap after
Heap after GC invocations=18 (full 3):
 PSYoungGen      total 526336K, used 169968K [0x00000007d5800000, 0x0000000800000000, 0x0000000800000000)
  eden space 356352K, 0% used [0x00000007d5800000,0x00000007d5800000,0x00000007eb400000)
  from space 169984K, 99% used [0x00000007eb400000,0x00000007f59fc360,0x00000007f5a00000)
  to   space 169984K, 0% used [0x00000007f5a00000,0x00000007f5a00000,0x0000000800000000)
 ParOldGen       total 631808K, used 535496K [0x0000000780800000, 0x00000007a7100000, 0x00000007d5800000)
  object space 631808K, 84% used [0x0000000780800000,0x00000007a12f23e0,0x00000007a7100000)
 PSPermGen       total 21504K, used 8537K [0x000000077b600000, 0x000000077cb00000, 0x0000000780800000)
  object space 21504K, 39% used [0x000000077b600000,0x000000077be56698,0x000000077cb00000)
}
Event: 10.272 GC heap before
{Heap before GC invocations=19 (full 4):
 PSYoungGen      total 526336K, used 169968K [0x00000007d5800000, 0x0000000800000000, 0x0000000800000000)
  eden space 356352K, 0% used [0x00000007d5800000,0x00000007d5800000,0x00000007eb400000)
  from space 169984K, 99% used [0x00000007eb400000,0x00000007f59fc360,0x00000007f5a00000)
  to   space 169984K, 0% used [0x00000007f5a00000,0x00000007f5a00000,0x0000000800000000)
 ParOldGen       total 631808K, used 535496K [0x0000000780800000, 0x00000007a7100000, 0x00000007d5800000)
  object space 631808K, 84% used [0x0000000780800000,0x00000007a12f23e0,0x00000007a7100000)
 PSPermGen       total 21504K, used 8537K [0x000000077b600000, 0x000000077cb00000, 0x0000000780800000)
  object space 21504K, 39% used [0x000000077b600000,0x000000077be56698,0x000000077cb00000)
Event: 12.895 GC heap after
Heap after GC invocations=19 (full 4):
 PSYoungGen      total 526336K, used 120129K [0x00000007d5800000, 0x0000000800000000, 0x0000000800000000)
  eden space 356352K, 0% used [0x00000007d5800000,0x00000007d5800000,0x00000007eb400000)
  from space 169984K, 70% used [0x00000007eb400000,0x00000007f29506d8,0x00000007f5a00000)
  to   space 169984K, 0% used [0x00000007f5a00000,0x00000007f5a00000,0x0000000800000000)
 ParOldGen       total 873472K, used 583857K [0x0000000780800000, 0x00000007b5d00000, 0x00000007d5800000)
  object space 873472K, 66% used [0x0000000780800000,0x00000007a422c660,0x00000007b5d00000)
 PSPermGen       total 21504K, used 8537K [0x000000077b600000, 0x000000077cb00000, 0x0000000780800000)
  object space 21504K, 39% used [0x000000077b600000,0x000000077be56698,0x000000077cb00000)
}
Event: 13.316 GC heap before
{Heap before GC invocations=20 (full 4):
 PSYoungGen      total 526336K, used 476481K [0x00000007d5800000, 0x0000000800000000, 0x0000000800000000)
  eden space 356352K, 100% used [0x00000007d5800000,0x00000007eb400000,0x00000007eb400000)
  from space 169984K, 70% used [0x00000007eb400000,0x00000007f29506d8,0x00000007f5a00000)
  to   space 169984K, 0% used [0x00000007f5a00000,0x00000007f5a00000,0x0000000800000000)
 ParOldGen       total 873472K, used 583857K [0x0000000780800000, 0x00000007b5d00000, 0x00000007d5800000)
  object space 873472K, 66% used [0x0000000780800000,0x00000007a422c660,0x00000007b5d00000)
 PSPermGen       total 21504K, used 8537K [0x000000077b600000, 0x000000077cb00000, 0x0000000780800000)
  object space 21504K, 39% used [0x000000077b600000,0x000000077be56698,0x000000077cb00000)
Event: 13.579 GC heap after
Heap after GC invocations=20 (full 4):
 PSYoungGen      total 440320K, used 95360K [0x00000007d5800000, 0x0000000800000000, 0x0000000800000000)
  eden space 270336K, 0% used [0x00000007d5800000,0x00000007d5800000,0x00000007e6000000)
  from space 169984K, 56% used [0x00000007f5a00000,0x00000007fb720000,0x0000000800000000)
  to   space 212992K, 0% used [0x00000007e6000000,0x00000007e6000000,0x00000007f3000000)
 ParOldGen       total 873472K, used 704358K [0x0000000780800000, 0x00000007b5d00000, 0x00000007d5800000)
  object space 873472K, 80% used [0x0000000780800000,0x00000007ab7d9a20,0x00000007b5d00000)
 PSPermGen       total 21504K, used 8537K [0x000000077b600000, 0x000000077cb00000, 0x0000000780800000)
  object space 21504K, 39% used [0x000000077b600000,0x000000077be56698,0x000000077cb00000)
}
Event: 13.935 GC heap before
{Heap before GC invocations=21 (full 4):
 PSYoungGen      total 440320K, used 358820K [0x00000007d5800000, 0x0000000800000000, 0x0000000800000000)
  eden space 270336K, 97% used [0x00000007d5800000,0x00000007e59492c0,0x00000007e6000000)
  from space 169984K, 56% used [0x00000007f5a00000,0x00000007fb720000,0x0000000800000000)
  to   space 212992K, 0% used [0x00000007e6000000,0x00000007e6000000,0x00000007f3000000)
 ParOldGen       total 873472K, used 704358K [0x0000000780800000, 0x00000007b5d00000, 0x00000007d5800000)
  object space 873472K, 80% used [0x0000000780800000,0x00000007ab7d9a20,0x00000007b5d00000)
 PSPermGen       total 21504K, used 8537K [0x000000077b600000, 0x000000077cb00000, 0x0000000780800000)
  object space 21504K, 39% used [0x000000077b600000,0x000000077be56698,0x000000077cb00000)
Event: 14.093 GC heap after
Heap after GC invocations=21 (full 4):
 PSYoungGen      total 469504K, used 198830K [0x00000007d5800000, 0x0000000800000000, 0x0000000800000000)
  eden space 270336K, 0% used [0x00000007d5800000,0x00000007d5800000,0x00000007e6000000)
  from space 199168K, 99% used [0x00000007e6000000,0x00000007f222ba10,0x00000007f2280000)
  to   space 226816K, 0% used [0x00000007f2280000,0x00000007f2280000,0x0000000800000000)
 ParOldGen       total 873472K, used 704358K [0x0000000780800000, 0x00000007b5d00000, 0x00000007d5800000)
  object space 873472K, 80% used [0x0000000780800000,0x00000007ab7d9a20,0x00000007b5d00000)
 PSPermGen       total 21504K, used 8537K [0x000000077b600000, 0x000000077cb00000, 0x0000000780800000)
  object space 21504K, 39% used [0x000000077b600000,0x000000077be56698,0x000000077cb00000)
}
Event: 14.293 GC heap before
{Heap before GC invocations=22 (full 4):
 PSYoungGen      total 469504K, used 434215K [0x00000007d5800000, 0x0000000800000000, 0x0000000800000000)
  eden space 270336K, 87% used [0x00000007d5800000,0x00000007e3dde378,0x00000007e6000000)
  from space 199168K, 99% used [0x00000007e6000000,0x00000007f222ba10,0x00000007f2280000)
  to   space 226816K, 0% used [0x00000007f2280000,0x00000007f2280000,0x0000000800000000)
 ParOldGen       total 873472K, used 704358K [0x0000000780800000, 0x00000007b5d00000, 0x00000007d5800000)
  object space 873472K, 80% used [0x0000000780800000,0x00000007ab7d9a20,0x00000007b5d00000)
 PSPermGen       total 21504K, used 8537K [0x000000077b600000, 0x000000077cb00000, 0x0000000780800000)
  object space 21504K, 39% used [0x000000077b600000,0x000000077be56698,0x000000077cb00000)
Event: 14.581 GC heap after
Heap after GC invocations=22 (full 4):
 PSYoungGen      total 459264K, used 138891K [0x00000007d5800000, 0x0000000800000000, 0x0000000800000000)
  eden space 232448K, 0% used [0x00000007d5800000,0x00000007d5800000,0x00000007e3b00000)
  from space 226816K, 61% used [0x00000007f2280000,0x00000007faa22e18,0x0000000800000000)
  to   space 231936K, 0% used [0x00000007e3b00000,0x00000007e3b00000,0x00000007f1d80000)
 ParOldGen       total 873472K, used 857835K [0x0000000780800000, 0x00000007b5d00000, 0x00000007d5800000)
  object space 873472K, 98% used [0x0000000780800000,0x00000007b4dbac48,0x00000007b5d00000)
 PSPermGen       total 21504K, used 8537K [0x000000077b600000, 0x000000077cb00000, 0x0000000780800000)
  object space 21504K, 39% used [0x000000077b600000,0x000000077be56698,0x000000077cb00000)
}
Event: 14.581 GC heap before
{Heap before GC invocations=23 (full 5):
 PSYoungGen      total 459264K, used 138891K [0x00000007d5800000, 0x0000000800000000, 0x0000000800000000)
  eden space 232448K, 0% used [0x00000007d5800000,0x00000007d5800000,0x00000007e3b00000)
  from space 226816K, 61% used [0x00000007f2280000,0x00000007faa22e18,0x0000000800000000)
  to   space 231936K, 0% used [0x00000007e3b00000,0x00000007e3b00000,0x00000007f1d80000)
 ParOldGen       total 873472K, used 857835K [0x0000000780800000, 0x00000007b5d00000, 0x00000007d5800000)
  object space 873472K, 98% used [0x0000000780800000,0x00000007b4dbac48,0x00000007b5d00000)
 PSPermGen       total 21504K, used 8537K [0x000000077b600000, 0x000000077cb00000, 0x0000000780800000)
  object space 21504K, 39% used [0x000000077b600000,0x000000077be56698,0x000000077cb00000)

