# JRE version: Java(TM) SE Runtime Environment (7.0_51-b13) (build 1.7.0_51-b13)
# Java VM: Java HotSpot(TM) 64-Bit Server VM (24.51-b03 mixed mode windows-amd64 compressed oops)
Heap
 PSYoungGen      total 464384K, used 62358K [0x00000007d5800000, 0x0000000800000000, 0x0000000800000000)
  eden space 232448K, 0% used [0x00000007d5800000,0x00000007d5800000,0x00000007e3b00000)
  from space 231936K, 26% used [0x00000007f1d80000,0x00000007f5a659b0,0x0000000800000000)
  to   space 231936K, 0% used [0x00000007e3b00000,0x00000007e3b00000,0x00000007f1d80000)
 ParOldGen       total 1316352K, used 1141489K [0x0000000780800000, 0x00000007d0d80000, 0x00000007d5800000)
  object space 1316352K, 86% used [0x0000000780800000,0x00000007c62bc708,0x00000007d0d80000)
 PSPermGen       total 21504K, used 8537K [0x000000077b600000, 0x000000077cb00000, 0x0000000780800000)
  object space 21504K, 39% used [0x000000077b600000,0x000000077be56698,0x000000077cb00000)
GC Heap History (10 events):
Event: 15.592 GC heap after
Heap after GC invocations=23 (full 5):
 PSYoungGen      total 455168K, used 13677K [0x00000007d5800000, 0x0000000800000000, 0x0000000800000000)
  eden space 232448K, 0% used [0x00000007d5800000,0x00000007d5800000,0x00000007e3b00000)
  from space 222720K, 6% used [0x00000007f2680000,0x00000007f33db518,0x0000000800000000)
  to   space 231936K, 0% used [0x00000007e3b00000,0x00000007e3b00000,0x00000007f1d80000)
 ParOldGen       total 1316352K, used 934768K [0x0000000780800000, 0x00000007d0d80000, 0x00000007d5800000)
  object space 1316352K, 71% used [0x0000000780800000,0x00000007b98dc1f0,0x00000007d0d80000)
 PSPermGen       total 21504K, used 8537K [0x000000077b600000, 0x000000077cb00000, 0x0000000780800000)
  object space 21504K, 39% used [0x000000077b600000,0x000000077be56698,0x000000077cb00000)
}
Event: 15.771 GC heap before
{Heap before GC invocations=24 (full 5):
 PSYoungGen      total 455168K, used 155428K [0x00000007d5800000, 0x0000000800000000, 0x0000000800000000)
  eden space 232448K, 60% used [0x00000007d5800000,0x00000007de26dd88,0x00000007e3b00000)
  from space 222720K, 6% used [0x00000007f2680000,0x00000007f33db518,0x0000000800000000)
  to   space 231936K, 0% used [0x00000007e3b00000,0x00000007e3b00000,0x00000007f1d80000)
 ParOldGen       total 1316352K, used 934768K [0x0000000780800000, 0x00000007d0d80000, 0x00000007d5800000)
  object space 1316352K, 71% used [0x0000000780800000,0x00000007b98dc1f0,0x00000007d0d80000)
 PSPermGen       total 21504K, used 8537K [0x000000077b600000, 0x000000077cb00000, 0x0000000780800000)
  object space 21504K, 39% used [0x000000077b600000,0x000000077be56698,0x000000077cb00000)
Event: 15.907 GC heap after
Heap after GC invocations=24 (full 5):
 PSYoungGen      total 464384K, used 138891K [0x00000007d5800000, 0x0000000800000000, 0x0000000800000000)
  eden space 232448K, 0% used [0x00000007d5800000,0x00000007d5800000,0x00000007e3b00000)
  from space 231936K, 59% used [0x00000007e3b00000,0x00000007ec2a2e18,0x00000007f1d80000)
  to   space 231936K, 0% used [0x00000007f1d80000,0x00000007f1d80000,0x0000000800000000)
 ParOldGen       total 1316352K, used 948575K [0x0000000780800000, 0x00000007d0d80000, 0x00000007d5800000)
  object space 1316352K, 72% used [0x0000000780800000,0x00000007ba657fb0,0x00000007d0d80000)
 PSPermGen       total 21504K, used 8537K [0x000000077b600000, 0x000000077cb00000, 0x0000000780800000)
  object space 21504K, 39% used [0x000000077b600000,0x000000077be56698,0x000000077cb00000)
}
Event: 16.087 GC heap before
{Heap before GC invocations=25 (full 5):
 PSYoungGen      total 464384K, used 371339K [0x00000007d5800000, 0x0000000800000000, 0x0000000800000000)
  eden space 232448K, 100% used [0x00000007d5800000,0x00000007e3b00000,0x00000007e3b00000)
  from space 231936K, 59% used [0x00000007e3b00000,0x00000007ec2a2e18,0x00000007f1d80000)
  to   space 231936K, 0% used [0x00000007f1d80000,0x00000007f1d80000,0x0000000800000000)
 ParOldGen       total 1316352K, used 948575K [0x0000000780800000, 0x00000007d0d80000, 0x00000007d5800000)
  object space 1316352K, 72% used [0x0000000780800000,0x00000007ba657fb0,0x00000007d0d80000)
 PSPermGen       total 21504K, used 8537K [0x000000077b600000, 0x000000077cb00000, 0x0000000780800000)
  object space 21504K, 39% used [0x000000077b600000,0x000000077be56698,0x000000077cb00000)
Event: 16.146 GC heap after
Heap after GC invocations=25 (full 5):
 PSYoungGen      total 464384K, used 129895K [0x00000007d5800000, 0x0000000800000000, 0x0000000800000000)
  eden space 232448K, 0% used [0x00000007d5800000,0x00000007d5800000,0x00000007e3b00000)
  from space 231936K, 56% used [0x00000007f1d80000,0x00000007f9c59fa0,0x0000000800000000)
  to   space 231936K, 0% used [0x00000007e3b00000,0x00000007e3b00000,0x00000007f1d80000)
 ParOldGen       total 1316352K, used 948583K [0x0000000780800000, 0x00000007d0d80000, 0x00000007d5800000)
  object space 1316352K, 72% used [0x0000000780800000,0x00000007ba659fb0,0x00000007d0d80000)
 PSPermGen       total 21504K, used 8537K [0x000000077b600000, 0x000000077cb00000, 0x0000000780800000)
  object space 21504K, 39% used [0x000000077b600000,0x000000077be56698,0x000000077cb00000)
}
Event: 16.402 GC heap before
{Heap before GC invocations=26 (full 5):
 PSYoungGen      total 464384K, used 362343K [0x00000007d5800000, 0x0000000800000000, 0x0000000800000000)
  eden space 232448K, 100% used [0x00000007d5800000,0x00000007e3b00000,0x00000007e3b00000)
  from space 231936K, 56% used [0x00000007f1d80000,0x00000007f9c59fa0,0x0000000800000000)
  to   space 231936K, 0% used [0x00000007e3b00000,0x00000007e3b00000,0x00000007f1d80000)
 ParOldGen       total 1316352K, used 948583K [0x0000000780800000, 0x00000007d0d80000, 0x00000007d5800000)
  object space 1316352K, 72% used [0x0000000780800000,0x00000007ba659fb0,0x00000007d0d80000)
 PSPermGen       total 21504K, used 8537K [0x000000077b600000, 0x000000077cb00000, 0x0000000780800000)
  object space 21504K, 39% used [0x000000077b600000,0x000000077be56698,0x000000077cb00000)
Event: 16.563 GC heap after
Heap after GC invocations=26 (full 5):
 PSYoungGen      total 464384K, used 62720K [0x00000007d5800000, 0x0000000800000000, 0x0000000800000000)
  eden space 232448K, 0% used [0x00000007d5800000,0x00000007d5800000,0x00000007e3b00000)
  from space 231936K, 27% used [0x00000007e3b00000,0x00000007e7840000,0x00000007f1d80000)
  to   space 231936K, 0% used [0x00000007f1d80000,0x00000007f1d80000,0x0000000800000000)
 ParOldGen       total 1316352K, used 1078611K [0x0000000780800000, 0x00000007d0d80000, 0x00000007d5800000)
  object space 1316352K, 81% used [0x0000000780800000,0x00000007c2554cb8,0x00000007d0d80000)
 PSPermGen       total 21504K, used 8537K [0x000000077b600000, 0x000000077cb00000, 0x0000000780800000)
  object space 21504K, 39% used [0x000000077b600000,0x000000077be56698,0x000000077cb00000)
}
Event: 16.817 GC heap before
{Heap before GC invocations=27 (full 5):
 PSYoungGen      total 464384K, used 295168K [0x00000007d5800000, 0x0000000800000000, 0x0000000800000000)
  eden space 232448K, 100% used [0x00000007d5800000,0x00000007e3b00000,0x00000007e3b00000)
  from space 231936K, 27% used [0x00000007e3b00000,0x00000007e7840000,0x00000007f1d80000)
  to   space 231936K, 0% used [0x00000007f1d80000,0x00000007f1d80000,0x0000000800000000)
 ParOldGen       total 1316352K, used 1078611K [0x0000000780800000, 0x00000007d0d80000, 0x00000007d5800000)
  object space 1316352K, 81% used [0x0000000780800000,0x00000007c2554cb8,0x00000007d0d80000)
 PSPermGen       total 21504K, used 8537K [0x000000077b600000, 0x000000077cb00000, 0x0000000780800000)
  object space 21504K, 39% used [0x000000077b600000,0x000000077be56698,0x000000077cb00000)
Event: 16.997 GC heap after
Heap after GC invocations=27 (full 5):
 PSYoungGen      total 464384K, used 62358K [0x00000007d5800000, 0x0000000800000000, 0x0000000800000000)
  eden space 232448K, 0% used [0x00000007d5800000,0x00000007d5800000,0x00000007e3b00000)
  from space 231936K, 26% used [0x00000007f1d80000,0x00000007f5a659b0,0x0000000800000000)
  to   space 231936K, 0% used [0x00000007e3b00000,0x00000007e3b00000,0x00000007f1d80000)
 ParOldGen       total 1316352K, used 1141489K [0x0000000780800000, 0x00000007d0d80000, 0x00000007d5800000)
  object space 1316352K, 86% used [0x0000000780800000,0x00000007c62bc708,0x00000007d0d80000)
 PSPermGen       total 21504K, used 8537K [0x000000077b600000, 0x000000077cb00000, 0x0000000780800000)
  object space 21504K, 39% used [0x000000077b600000,0x000000077be56698,0x000000077cb00000)
}
Event: 16.997 GC heap before
{Heap before GC invocations=28 (full 6):
 PSYoungGen      total 464384K, used 62358K [0x00000007d5800000, 0x0000000800000000, 0x0000000800000000)
  eden space 232448K, 0% used [0x00000007d5800000,0x00000007d5800000,0x00000007e3b00000)
  from space 231936K, 26% used [0x00000007f1d80000,0x00000007f5a659b0,0x0000000800000000)
  to   space 231936K, 0% used [0x00000007e3b00000,0x00000007e3b00000,0x00000007f1d80000)
 ParOldGen       total 1316352K, used 1141489K [0x0000000780800000, 0x00000007d0d80000, 0x00000007d5800000)
  object space 1316352K, 86% used [0x0000000780800000,0x00000007c62bc708,0x00000007d0d80000)
 PSPermGen       total 21504K, used 8537K [0x000000077b600000, 0x000000077cb00000, 0x0000000780800000)
  object space 21504K, 39% used [0x000000077b600000,0x000000077be56698,0x000000077cb00000)

