# JRE version: Java(TM) SE Runtime Environment (7.0_51-b13) (build 1.7.0_51-b13)
# Java VM: Java HotSpot(TM) 64-Bit Server VM (24.51-b03 mixed mode windows-amd64 compressed oops)
Heap
 PSYoungGen      total 464384K, used 54880K [0x00000007d5800000, 0x0000000800000000, 0x0000000800000000)
  eden space 232448K, 0% used [0x00000007d5800000,0x00000007d5800000,0x00000007e3b00000)
  from space 231936K, 23% used [0x00000007e3b00000,0x00000007e7098000,0x00000007f1d80000)
  to   space 231936K, 0% used [0x00000007f1d80000,0x00000007f1d80000,0x0000000800000000)
 ParOldGen       total 872960K, used 872808K [0x0000000780800000, 0x00000007b5c80000, 0x00000007d5800000)
  object space 872960K, 99% used [0x0000000780800000,0x00000007b5c5a148,0x00000007b5c80000)
 PSPermGen       total 21504K, used 8526K [0x000000077b600000, 0x000000077cb00000, 0x0000000780800000)
  object space 21504K, 39% used [0x000000077b600000,0x000000077be53b08,0x000000077cb00000)
GC Heap History (10 events):
Event: 10.701 GC heap after
Heap after GC invocations=17 (full 4):
 PSYoungGen      total 441344K, used 119473K [0x00000007d5800000, 0x0000000800000000, 0x0000000800000000)
  eden space 321536K, 0% used [0x00000007d5800000,0x00000007d5800000,0x00000007e9200000)
  from space 119808K, 99% used [0x00000007e9200000,0x00000007f06ac6b0,0x00000007f0700000)
  to   space 195072K, 0% used [0x00000007f4180000,0x00000007f4180000,0x0000000800000000)
 ParOldGen       total 844288K, used 551763K [0x0000000780800000, 0x00000007b4080000, 0x00000007d5800000)
  object space 844288K, 65% used [0x0000000780800000,0x00000007a22d4e40,0x00000007b4080000)
 PSPermGen       total 21504K, used 8526K [0x000000077b600000, 0x000000077cb00000, 0x0000000780800000)
  object space 21504K, 39% used [0x000000077b600000,0x000000077be53b08,0x000000077cb00000)
}
Event: 10.992 GC heap before
{Heap before GC invocations=18 (full 4):
 PSYoungGen      total 441344K, used 431020K [0x00000007d5800000, 0x0000000800000000, 0x0000000800000000)
  eden space 321536K, 96% used [0x00000007d5800000,0x00000007e883e970,0x00000007e9200000)
  from space 119808K, 99% used [0x00000007e9200000,0x00000007f06ac6b0,0x00000007f0700000)
  to   space 195072K, 0% used [0x00000007f4180000,0x00000007f4180000,0x0000000800000000)
 ParOldGen       total 844288K, used 551763K [0x0000000780800000, 0x00000007b4080000, 0x00000007d5800000)
  object space 844288K, 65% used [0x0000000780800000,0x00000007a22d4e40,0x00000007b4080000)
 PSPermGen       total 21504K, used 8526K [0x000000077b600000, 0x000000077cb00000, 0x0000000780800000)
  object space 21504K, 39% used [0x000000077b600000,0x000000077be53b08,0x000000077cb00000)
Event: 11.176 GC heap after
Heap after GC invocations=18 (full 4):
 PSYoungGen      total 427520K, used 195058K [0x00000007d5800000, 0x0000000800000000, 0x0000000800000000)
  eden space 232448K, 0% used [0x00000007d5800000,0x00000007d5800000,0x00000007e3b00000)
  from space 195072K, 99% used [0x00000007f4180000,0x00000007ffffc8c0,0x0000000800000000)
  to   space 231936K, 0% used [0x00000007e3b00000,0x00000007e3b00000,0x00000007f1d80000)
 ParOldGen       total 844288K, used 614502K [0x0000000780800000, 0x00000007b4080000, 0x00000007d5800000)
  object space 844288K, 72% used [0x0000000780800000,0x00000007a6019838,0x00000007b4080000)
 PSPermGen       total 21504K, used 8526K [0x000000077b600000, 0x000000077cb00000, 0x0000000780800000)
  object space 21504K, 39% used [0x000000077b600000,0x000000077be53b08,0x000000077cb00000)
}
Event: 11.374 GC heap before
{Heap before GC invocations=19 (full 4):
 PSYoungGen      total 427520K, used 427506K [0x00000007d5800000, 0x0000000800000000, 0x0000000800000000)
  eden space 232448K, 100% used [0x00000007d5800000,0x00000007e3b00000,0x00000007e3b00000)
  from space 195072K, 99% used [0x00000007f4180000,0x00000007ffffc8c0,0x0000000800000000)
  to   space 231936K, 0% used [0x00000007e3b00000,0x00000007e3b00000,0x00000007f1d80000)
 ParOldGen       total 844288K, used 614502K [0x0000000780800000, 0x00000007b4080000, 0x00000007d5800000)
  object space 844288K, 72% used [0x0000000780800000,0x00000007a6019838,0x00000007b4080000)
 PSPermGen       total 21504K, used 8526K [0x000000077b600000, 0x000000077cb00000, 0x0000000780800000)
  object space 21504K, 39% used [0x000000077b600000,0x000000077be53b08,0x000000077cb00000)
Event: 11.479 GC heap after
Heap after GC invocations=19 (full 4):
 PSYoungGen      total 464384K, used 195296K [0x00000007d5800000, 0x0000000800000000, 0x0000000800000000)
  eden space 232448K, 0% used [0x00000007d5800000,0x00000007d5800000,0x00000007e3b00000)
  from space 231936K, 84% used [0x00000007e3b00000,0x00000007ef9b8240,0x00000007f1d80000)
  to   space 231936K, 0% used [0x00000007f1d80000,0x00000007f1d80000,0x0000000800000000)
 ParOldGen       total 844288K, used 614502K [0x0000000780800000, 0x00000007b4080000, 0x00000007d5800000)
  object space 844288K, 72% used [0x0000000780800000,0x00000007a6019838,0x00000007b4080000)
 PSPermGen       total 21504K, used 8526K [0x000000077b600000, 0x000000077cb00000, 0x0000000780800000)
  object space 21504K, 39% used [0x000000077b600000,0x000000077be53b08,0x000000077cb00000)
}
Event: 11.733 GC heap before
{Heap before GC invocations=20 (full 4):
 PSYoungGen      total 464384K, used 427744K [0x00000007d5800000, 0x0000000800000000, 0x0000000800000000)
  eden space 232448K, 100% used [0x00000007d5800000,0x00000007e3b00000,0x00000007e3b00000)
  from space 231936K, 84% used [0x00000007e3b00000,0x00000007ef9b8240,0x00000007f1d80000)
  to   space 231936K, 0% used [0x00000007f1d80000,0x00000007f1d80000,0x0000000800000000)
 ParOldGen       total 844288K, used 614502K [0x0000000780800000, 0x00000007b4080000, 0x00000007d5800000)
  object space 844288K, 72% used [0x0000000780800000,0x00000007a6019838,0x00000007b4080000)
 PSPermGen       total 21504K, used 8526K [0x000000077b600000, 0x000000077cb00000, 0x0000000780800000)
  object space 21504K, 39% used [0x000000077b600000,0x000000077be53b08,0x000000077cb00000)
Event: 11.887 GC heap after
Heap after GC invocations=20 (full 4):
 PSYoungGen      total 464384K, used 182640K [0x00000007d5800000, 0x0000000800000000, 0x0000000800000000)
  eden space 232448K, 0% used [0x00000007d5800000,0x00000007d5800000,0x00000007e3b00000)
  from space 231936K, 78% used [0x00000007f1d80000,0x00000007fcfdc3f8,0x0000000800000000)
  to   space 231936K, 0% used [0x00000007e3b00000,0x00000007e3b00000,0x00000007f1d80000)
 ParOldGen       total 844288K, used 689504K [0x0000000780800000, 0x00000007b4080000, 0x00000007d5800000)
  object space 844288K, 81% used [0x0000000780800000,0x00000007aa9582c0,0x00000007b4080000)
 PSPermGen       total 21504K, used 8526K [0x000000077b600000, 0x000000077cb00000, 0x0000000780800000)
  object space 21504K, 39% used [0x000000077b600000,0x000000077be53b08,0x000000077cb00000)
}
Event: 12.110 GC heap before
{Heap before GC invocations=21 (full 4):
 PSYoungGen      total 464384K, used 389162K [0x00000007d5800000, 0x0000000800000000, 0x0000000800000000)
  eden space 232448K, 88% used [0x00000007d5800000,0x00000007e21ae468,0x00000007e3b00000)
  from space 231936K, 78% used [0x00000007f1d80000,0x00000007fcfdc3f8,0x0000000800000000)
  to   space 231936K, 0% used [0x00000007e3b00000,0x00000007e3b00000,0x00000007f1d80000)
 ParOldGen       total 844288K, used 689504K [0x0000000780800000, 0x00000007b4080000, 0x00000007d5800000)
  object space 844288K, 81% used [0x0000000780800000,0x00000007aa9582c0,0x00000007b4080000)
 PSPermGen       total 21504K, used 8526K [0x000000077b600000, 0x000000077cb00000, 0x0000000780800000)
  object space 21504K, 39% used [0x000000077b600000,0x000000077be53b08,0x000000077cb00000)
Event: 12.390 GC heap after
Heap after GC invocations=21 (full 4):
 PSYoungGen      total 464384K, used 54880K [0x00000007d5800000, 0x0000000800000000, 0x0000000800000000)
  eden space 232448K, 0% used [0x00000007d5800000,0x00000007d5800000,0x00000007e3b00000)
  from space 231936K, 23% used [0x00000007e3b00000,0x00000007e7098000,0x00000007f1d80000)
  to   space 231936K, 0% used [0x00000007f1d80000,0x00000007f1d80000,0x0000000800000000)
 ParOldGen       total 872960K, used 872808K [0x0000000780800000, 0x00000007b5c80000, 0x00000007d5800000)
  object space 872960K, 99% used [0x0000000780800000,0x00000007b5c5a148,0x00000007b5c80000)
 PSPermGen       total 21504K, used 8526K [0x000000077b600000, 0x000000077cb00000, 0x0000000780800000)
  object space 21504K, 39% used [0x000000077b600000,0x000000077be53b08,0x000000077cb00000)
}
Event: 12.390 GC heap before
{Heap before GC invocations=22 (full 5):
 PSYoungGen      total 464384K, used 54880K [0x00000007d5800000, 0x0000000800000000, 0x0000000800000000)
  eden space 232448K, 0% used [0x00000007d5800000,0x00000007d5800000,0x00000007e3b00000)
  from space 231936K, 23% used [0x00000007e3b00000,0x00000007e7098000,0x00000007f1d80000)
  to   space 231936K, 0% used [0x00000007f1d80000,0x00000007f1d80000,0x0000000800000000)
 ParOldGen       total 872960K, used 872808K [0x0000000780800000, 0x00000007b5c80000, 0x00000007d5800000)
  object space 872960K, 99% used [0x0000000780800000,0x00000007b5c5a148,0x00000007b5c80000)
 PSPermGen       total 21504K, used 8526K [0x000000077b600000, 0x000000077cb00000, 0x0000000780800000)
  object space 21504K, 39% used [0x000000077b600000,0x000000077be53b08,0x000000077cb00000)

