# JRE version: Java(TM) SE Runtime Environment (7.0_51-b13) (build 1.7.0_51-b13)
# Java VM: Java HotSpot(TM) 64-Bit Server VM (24.51-b03 mixed mode windows-amd64 compressed oops)
Heap
 PSYoungGen      total 464384K, used 295072K [0x00000007d5800000, 0x0000000800000000, 0x0000000800000000)
  eden space 232448K, 100% used [0x00000007d5800000,0x00000007e3b00000,0x00000007e3b00000)
  from space 231936K, 27% used [0x00000007e3b00000,0x00000007e7828000,0x00000007f1d80000)
  to   space 231936K, 26% used [0x00000007f1d80000,0x00000007f5a69e78,0x0000000800000000)
 ParOldGen       total 1392640K, used 1135705K [0x0000000780800000, 0x00000007d5800000, 0x00000007d5800000)
  object space 1392640K, 81% used [0x0000000780800000,0x00000007c5d18428,0x00000007d5800000)
 PSPermGen       total 21504K, used 8530K [0x000000077b600000, 0x000000077cb00000, 0x0000000780800000)
  object space 21504K, 39% used [0x000000077b600000,0x000000077be54890,0x000000077cb00000)
GC Heap History (10 events):
Event: 13.632 GC heap after
Heap after GC invocations=22 (full 4):
 PSYoungGen      total 456704K, used 190749K [0x00000007d5800000, 0x0000000800000000, 0x0000000800000000)
  eden space 232448K, 0% used [0x00000007d5800000,0x00000007d5800000,0x00000007e3b00000)
  from space 224256K, 85% used [0x00000007f2500000,0x00000007fdf47410,0x0000000800000000)
  to   space 231936K, 0% used [0x00000007e3b00000,0x00000007e3b00000,0x00000007f1d80000)
 ParOldGen       total 935936K, used 758860K [0x0000000780800000, 0x00000007b9a00000, 0x00000007d5800000)
  object space 935936K, 81% used [0x0000000780800000,0x00000007aed13138,0x00000007b9a00000)
 PSPermGen       total 21504K, used 8530K [0x000000077b600000, 0x000000077cb00000, 0x0000000780800000)
  object space 21504K, 39% used [0x000000077b600000,0x000000077be54890,0x000000077cb00000)
}
Event: 13.632 GC heap before
{Heap before GC invocations=23 (full 5):
 PSYoungGen      total 456704K, used 190749K [0x00000007d5800000, 0x0000000800000000, 0x0000000800000000)
  eden space 232448K, 0% used [0x00000007d5800000,0x00000007d5800000,0x00000007e3b00000)
  from space 224256K, 85% used [0x00000007f2500000,0x00000007fdf47410,0x0000000800000000)
  to   space 231936K, 0% used [0x00000007e3b00000,0x00000007e3b00000,0x00000007f1d80000)
 ParOldGen       total 935936K, used 758860K [0x0000000780800000, 0x00000007b9a00000, 0x00000007d5800000)
  object space 935936K, 81% used [0x0000000780800000,0x00000007aed13138,0x00000007b9a00000)
 PSPermGen       total 21504K, used 8530K [0x000000077b600000, 0x000000077cb00000, 0x0000000780800000)
  object space 21504K, 39% used [0x000000077b600000,0x000000077be54890,0x000000077cb00000)
Event: 15.823 GC heap after
Heap after GC invocations=23 (full 5):
 PSYoungGen      total 456704K, used 12958K [0x00000007d5800000, 0x0000000800000000, 0x0000000800000000)
  eden space 232448K, 0% used [0x00000007d5800000,0x00000007d5800000,0x00000007e3b00000)
  from space 224256K, 5% used [0x00000007f2500000,0x00000007f31a7bf8,0x0000000800000000)
  to   space 231936K, 0% used [0x00000007e3b00000,0x00000007e3b00000,0x00000007f1d80000)
 ParOldGen       total 1318912K, used 935475K [0x0000000780800000, 0x00000007d1000000, 0x00000007d5800000)
  object space 1318912K, 70% used [0x0000000780800000,0x00000007b998cd80,0x00000007d1000000)
 PSPermGen       total 21504K, used 8530K [0x000000077b600000, 0x000000077cb00000, 0x0000000780800000)
  object space 21504K, 39% used [0x000000077b600000,0x000000077be54890,0x000000077cb00000)
}
Event: 16.014 GC heap before
{Heap before GC invocations=24 (full 5):
 PSYoungGen      total 456704K, used 154733K [0x00000007d5800000, 0x0000000800000000, 0x0000000800000000)
  eden space 232448K, 60% used [0x00000007d5800000,0x00000007de273838,0x00000007e3b00000)
  from space 224256K, 5% used [0x00000007f2500000,0x00000007f31a7bf8,0x0000000800000000)
  to   space 231936K, 0% used [0x00000007e3b00000,0x00000007e3b00000,0x00000007f1d80000)
 ParOldGen       total 1318912K, used 935475K [0x0000000780800000, 0x00000007d1000000, 0x00000007d5800000)
  object space 1318912K, 70% used [0x0000000780800000,0x00000007b998cd80,0x00000007d1000000)
 PSPermGen       total 21504K, used 8530K [0x000000077b600000, 0x000000077cb00000, 0x0000000780800000)
  object space 21504K, 39% used [0x000000077b600000,0x000000077be54890,0x000000077cb00000)
Event: 16.153 GC heap after
Heap after GC invocations=24 (full 5):
 PSYoungGen      total 464384K, used 138891K [0x00000007d5800000, 0x0000000800000000, 0x0000000800000000)
  eden space 232448K, 0% used [0x00000007d5800000,0x00000007d5800000,0x00000007e3b00000)
  from space 231936K, 59% used [0x00000007e3b00000,0x00000007ec2a2e18,0x00000007f1d80000)
  to   space 231936K, 0% used [0x00000007f1d80000,0x00000007f1d80000,0x0000000800000000)
 ParOldGen       total 1318912K, used 948563K [0x0000000780800000, 0x00000007d1000000, 0x00000007d5800000)
  object space 1318912K, 71% used [0x0000000780800000,0x00000007ba654c28,0x00000007d1000000)
 PSPermGen       total 21504K, used 8530K [0x000000077b600000, 0x000000077cb00000, 0x0000000780800000)
  object space 21504K, 39% used [0x000000077b600000,0x000000077be54890,0x000000077cb00000)
}
Event: 16.343 GC heap before
{Heap before GC invocations=25 (full 5):
 PSYoungGen      total 464384K, used 371339K [0x00000007d5800000, 0x0000000800000000, 0x0000000800000000)
  eden space 232448K, 100% used [0x00000007d5800000,0x00000007e3b00000,0x00000007e3b00000)
  from space 231936K, 59% used [0x00000007e3b00000,0x00000007ec2a2e18,0x00000007f1d80000)
  to   space 231936K, 0% used [0x00000007f1d80000,0x00000007f1d80000,0x0000000800000000)
 ParOldGen       total 1318912K, used 948563K [0x0000000780800000, 0x00000007d1000000, 0x00000007d5800000)
  object space 1318912K, 71% used [0x0000000780800000,0x00000007ba654c28,0x00000007d1000000)
 PSPermGen       total 21504K, used 8530K [0x000000077b600000, 0x000000077cb00000, 0x0000000780800000)
  object space 21504K, 39% used [0x000000077b600000,0x000000077be54890,0x000000077cb00000)
Event: 16.426 GC heap after
Heap after GC invocations=25 (full 5):
 PSYoungGen      total 464384K, used 129895K [0x00000007d5800000, 0x0000000800000000, 0x0000000800000000)
  eden space 232448K, 0% used [0x00000007d5800000,0x00000007d5800000,0x00000007e3b00000)
  from space 231936K, 56% used [0x00000007f1d80000,0x00000007f9c59fa0,0x0000000800000000)
  to   space 231936K, 0% used [0x00000007e3b00000,0x00000007e3b00000,0x00000007f1d80000)
 ParOldGen       total 1318912K, used 948571K [0x0000000780800000, 0x00000007d1000000, 0x00000007d5800000)
  object space 1318912K, 71% used [0x0000000780800000,0x00000007ba656c28,0x00000007d1000000)
 PSPermGen       total 21504K, used 8530K [0x000000077b600000, 0x000000077cb00000, 0x0000000780800000)
  object space 21504K, 39% used [0x000000077b600000,0x000000077be54890,0x000000077cb00000)
}
Event: 16.682 GC heap before
{Heap before GC invocations=26 (full 5):
 PSYoungGen      total 464384K, used 362343K [0x00000007d5800000, 0x0000000800000000, 0x0000000800000000)
  eden space 232448K, 100% used [0x00000007d5800000,0x00000007e3b00000,0x00000007e3b00000)
  from space 231936K, 56% used [0x00000007f1d80000,0x00000007f9c59fa0,0x0000000800000000)
  to   space 231936K, 0% used [0x00000007e3b00000,0x00000007e3b00000,0x00000007f1d80000)
 ParOldGen       total 1318912K, used 948571K [0x0000000780800000, 0x00000007d1000000, 0x00000007d5800000)
  object space 1318912K, 71% used [0x0000000780800000,0x00000007ba656c28,0x00000007d1000000)
 PSPermGen       total 21504K, used 8530K [0x000000077b600000, 0x000000077cb00000, 0x0000000780800000)
  object space 21504K, 39% used [0x000000077b600000,0x000000077be54890,0x000000077cb00000)
Event: 16.852 GC heap after
Heap after GC invocations=26 (full 5):
 PSYoungGen      total 464384K, used 62624K [0x00000007d5800000, 0x0000000800000000, 0x0000000800000000)
  eden space 232448K, 0% used [0x00000007d5800000,0x00000007d5800000,0x00000007e3b00000)
  from space 231936K, 27% used [0x00000007e3b00000,0x00000007e7828000,0x00000007f1d80000)
  to   space 231936K, 0% used [0x00000007f1d80000,0x00000007f1d80000,0x0000000800000000)
 ParOldGen       total 1318912K, used 1078575K [0x0000000780800000, 0x00000007d1000000, 0x00000007d5800000)
  object space 1318912K, 81% used [0x0000000780800000,0x00000007c254bf30,0x00000007d1000000)
 PSPermGen       total 21504K, used 8530K [0x000000077b600000, 0x000000077cb00000, 0x0000000780800000)
  object space 21504K, 39% used [0x000000077b600000,0x000000077be54890,0x000000077cb00000)
}
Event: 17.116 GC heap before
{Heap before GC invocations=27 (full 5):
 PSYoungGen      total 464384K, used 295072K [0x00000007d5800000, 0x0000000800000000, 0x0000000800000000)
  eden space 232448K, 100% used [0x00000007d5800000,0x00000007e3b00000,0x00000007e3b00000)
  from space 231936K, 27% used [0x00000007e3b00000,0x00000007e7828000,0x00000007f1d80000)
  to   space 231936K, 0% used [0x00000007f1d80000,0x00000007f1d80000,0x0000000800000000)
 ParOldGen       total 1318912K, used 1078575K [0x0000000780800000, 0x00000007d1000000, 0x00000007d5800000)
  object space 1318912K, 81% used [0x0000000780800000,0x00000007c254bf30,0x00000007d1000000)
 PSPermGen       total 21504K, used 8530K [0x000000077b600000, 0x000000077cb00000, 0x0000000780800000)
  object space 21504K, 39% used [0x000000077b600000,0x000000077be54890,0x000000077cb00000)

